<?xml version="1.0" encoding="UTF-8"?>
<!-- Generated by org.testng.reporters.JUnitXMLReporter -->
<testsuite ignored="4" hostname="DESKTOP-O23K88N" failures="0" tests="1" name="Default test" time="5.845" errors="0" timestamp="31 Jan 2024 05:27:22 GMT">
  <testcase classname="alert.AlertTests" name="testAlert" time="0.504"/>
  <testcase classname="alert.AlertTests" name="testConfirmAccept" time="0.0">
    <ignored/>
  </testcase> <!-- testConfirmAccept -->
  <testcase classname="alert.AlertTests" name="dismissPrompt" time="0.0">
    <ignored/>
  </testcase> <!-- dismissPrompt -->
  <testcase classname="alert.AlertTests" name="testPrompt" time="0.0">
    <ignored/>
  </testcase> <!-- testPrompt -->
  <testcase classname="alert.AlertTests" name="testConfirm" time="0.0">
    <ignored/>
  </testcase> <!-- testConfirm -->
</testsuite> <!-- Default test -->
