<?xml version="1.0" encoding="UTF-8"?>
<testng-results ignored="4" total="5" passed="1" failed="0" skipped="0">
  <reporter-output>
  </reporter-output>
  <suite started-at="2024-01-31T05:27:16Z" name="Default suite" finished-at="2024-01-31T05:27:22Z" duration-ms="5845">
    <groups>
    </groups>
    <test started-at="2024-01-31T05:27:16Z" name="Default test" finished-at="2024-01-31T05:27:22Z" duration-ms="5845">
      <class name="alert.AlertTests">
        <test-method is-config="true" signature="setUp()[pri:0, instance:alert.AlertTests@909217e]" started-at="2024-01-31T05:27:16Z" name="setUp" finished-at="2024-01-31T05:27:22Z" duration-ms="5149" status="PASS">
          <reporter-output>
          </reporter-output>
        </test-method> <!-- setUp -->
        <test-method signature="testAlert()[pri:0, instance:alert.AlertTests@909217e]" started-at="2024-01-31T05:27:22Z" name="testAlert" finished-at="2024-01-31T05:27:22Z" duration-ms="504" status="PASS">
          <reporter-output>
          </reporter-output>
        </test-method> <!-- testAlert -->
        <test-method is-config="true" signature="tearDown()[pri:0, instance:alert.AlertTests@909217e]" started-at="2024-01-31T05:27:22Z" name="tearDown" finished-at="2024-01-31T05:27:22Z" duration-ms="175" status="PASS">
          <reporter-output>
          </reporter-output>
        </test-method> <!-- tearDown -->
      </class> <!-- alert.AlertTests -->
    </test> <!-- Default test -->
  </suite> <!-- Default suite -->
</testng-results>
